<?xml version="1.0" encoding="UTF-8"?>
<testsuite xmlns:xsi="http://www.w3.org/2001/XMLSchema-instance" xsi:noNamespaceSchemaLocation="https://maven.apache.org/surefire/maven-surefire-plugin/xsd/surefire-test-report-3.0.xsd" version="3.0" name="UserTest" time="0.016" tests="10" errors="0" skipped="0" failures="0">
  <properties>
[...]
</properties>
  <testcase name="testSetPassword" classname="UserTest" time="0.016"/>
  <testcase name="testGetPassword" classname="UserTest" time="0.0"/>
  <testcase name="testGetEmail" classname="UserTest" time="0.0"/>
  <testcase name="testGetName" classname="UserTest" time="0.0"/>
  <testcase name="testSetUsername" classname="UserTest" time="0.0"/>
  <testcase name="testGetUsername" classname="UserTest" time="0.0"/>
  <testcase name="testSetUserId" classname="UserTest" time="0.0"/>
  <testcase name="testGetUserId" classname="UserTest" time="0.0"/>
  <testcase name="testSetName" classname="UserTest" time="0.0"/>
  <testcase name="testSetEmail" classname="UserTest" time="0.0"/>
</testsuite>